Standard Commons Logging discovery in action with spring-jcl: please remove commons-logging.jar from classpath in order to avoid potential conflicts

  .   ____          _            __ _ _
 /\\ / ___'_ __ _ _(_)_ __  __ _ \ \ \ \
( ( )\___ | '_ | '_| | '_ \/ _` | \ \ \ \
 \\/  ___)| |_)| | | | | || (_| |  ) ) ) )
  '  |____| .__|_| |_|_| |_\__, | / / / /
 =========|_|==============|___/=/_/_/_/
 :: Spring Boot ::                (v3.2.0)

2026-04-21T20:24:38.851+08:00  INFO 41740 --- [research-workbench] [           main] c.r.w.ResearchWorkbenchApplication       : Starting ResearchWorkbenchApplication v1.0.0 using Java 17.0.16 with PID 41740 (E:\AI\ŃĐľżÉü\target\research-workbench-1.0.0.jar started by he in E:\AI\ŃĐľżÉü)
2026-04-21T20:24:38.858+08:00  INFO 41740 --- [research-workbench] [           main] c.r.w.ResearchWorkbenchApplication       : No active profile set, falling back to 1 default profile: "default"
2026-04-21T20:24:39.903+08:00  INFO 41740 --- [research-workbench] [           main] .s.d.r.c.RepositoryConfigurationDelegate : Multiple Spring Data modules found, entering strict repository configuration mode
2026-04-21T20:24:39.907+08:00  INFO 41740 --- [research-workbench] [           main] .s.d.r.c.RepositoryConfigurationDelegate : Bootstrapping Spring Data JPA repositories in DEFAULT mode.
2026-04-21T20:24:40.084+08:00  INFO 41740 --- [research-workbench] [           main] .s.d.r.c.RepositoryConfigurationDelegate : Finished Spring Data repository scanning in 166 ms. Found 20 JPA repository interfaces.
2026-04-21T20:24:49.793+08:00  INFO 41740 --- [research-workbench] [           main] o.s.b.w.embedded.tomcat.TomcatWebServer  : Tomcat initialized with port 5000 (http)
2026-04-21T20:24:49.810+08:00  INFO 41740 --- [research-workbench] [           main] o.apache.catalina.core.StandardService   : Starting service [Tomcat]
2026-04-21T20:24:49.812+08:00  INFO 41740 --- [research-workbench] [           main] o.apache.catalina.core.StandardEngine    : Starting Servlet engine: [Apache Tomcat/10.1.16]
2026-04-21T20:24:49.890+08:00  INFO 41740 --- [research-workbench] [           main] o.a.c.c.C.[Tomcat].[localhost].[/]       : Initializing Spring embedded WebApplicationContext
2026-04-21T20:24:49.894+08:00  INFO 41740 --- [research-workbench] [           main] w.s.c.ServletWebServerApplicationContext : Root WebApplicationContext: initialization completed in 10948 ms
Standard Commons Logging discovery in action with spring-jcl: please remove commons-logging.jar from classpath in order to avoid potential conflicts
2026-04-21T20:24:49.954+08:00  INFO 41740 --- [research-workbench] [           main] com.zaxxer.hikari.HikariDataSource       : HikariPool-1 - Starting...
2026-04-21T20:24:50.575+08:00  INFO 41740 --- [research-workbench] [           main] com.zaxxer.hikari.pool.HikariPool        : HikariPool-1 - Added connection conn0: url=jdbc:h2:file:E:\AI\ŃĐľżÉü/data/research-workbench user=SA
2026-04-21T20:24:50.577+08:00  INFO 41740 --- [research-workbench] [           main] com.zaxxer.hikari.HikariDataSource       : HikariPool-1 - Start completed.
2026-04-21T20:24:50.590+08:00  INFO 41740 --- [research-workbench] [           main] o.s.b.a.h2.H2ConsoleAutoConfiguration    : H2 console available at '/h2-console'. Database available at 'jdbc:h2:file:E:\AI\ŃĐľżÉü/data/research-workbench'
2026-04-21T20:24:51.282+08:00  INFO 41740 --- [research-workbench] [           main] o.hibernate.jpa.internal.util.LogHelper  : HHH000204: Processing PersistenceUnitInfo [name: default]
2026-04-21T20:24:51.395+08:00  INFO 41740 --- [research-workbench] [           main] org.hibernate.Version                    : HHH000412: Hibernate ORM core version 6.3.1.Final
2026-04-21T20:24:51.477+08:00  INFO 41740 --- [research-workbench] [           main] o.h.c.internal.RegionFactoryInitiator    : HHH000026: Second-level cache disabled
2026-04-21T20:24:51.807+08:00  INFO 41740 --- [research-workbench] [           main] o.s.o.j.p.SpringPersistenceUnitInfo      : No LoadTimeWeaver setup: ignoring JPA class transformer
2026-04-21T20:24:51.876+08:00  WARN 41740 --- [research-workbench] [           main] org.hibernate.orm.deprecation            : HHH90000025: H2Dialect does not need to be specified explicitly using 'hibernate.dialect' (remove the property setting and it will be selected by default)
2026-04-21T20:24:53.578+08:00  INFO 41740 --- [research-workbench] [           main] o.h.e.t.j.p.i.JtaPlatformInitiator       : HHH000489: No JTA platform available (set 'hibernate.transaction.jta.platform' to enable JTA platform integration)
2026-04-21T20:24:53.653+08:00  INFO 41740 --- [research-workbench] [           main] j.LocalContainerEntityManagerFactoryBean : Initialized JPA EntityManagerFactory for persistence unit 'default'
2026-04-21T20:24:58.849+08:00  INFO 41740 --- [research-workbench] [           main] o.s.b.a.w.s.WelcomePageHandlerMapping    : Adding welcome page: class path resource [static/index.html]
2026-04-21T20:24:59.241+08:00  INFO 41740 --- [research-workbench] [           main] o.s.s.web.DefaultSecurityFilterChain     : Will secure any request with [org.springframework.security.web.session.DisableEncodeUrlFilter@1bb90d4d, org.springframework.security.web.context.request.async.WebAsyncManagerIntegrationFilter@e1f88b6, org.springframework.security.web.context.SecurityContextHolderFilter@5c519681, org.springframework.security.web.header.HeaderWriterFilter@10522dfd, org.springframework.web.filter.CorsFilter@69e346b3, org.springframework.security.web.authentication.logout.LogoutFilter@41c7ef69, org.springframework.security.web.savedrequest.RequestCacheAwareFilter@372153eb, org.springframework.security.web.servletapi.SecurityContextHolderAwareRequestFilter@42e20500, org.springframework.security.web.authentication.AnonymousAuthenticationFilter@1cda3a6d, org.springframework.security.web.access.ExceptionTranslationFilter@72e5f018, org.springframework.security.web.access.intercept.AuthorizationFilter@46da7d39]
