[INFO] Scanning for projects...
[INFO] 
[INFO] ------------------< com.research:research-workbench >-------------------
[INFO] Building research-workbench 1.0.0
[INFO] --------------------------------[ jar ]---------------------------------
[INFO] 
[INFO] >>> spring-boot-maven-plugin:3.2.0:run (default-cli) > test-compile @ research-workbench >>>
[INFO] 
[INFO] --- maven-enforcer-plugin:3.4.1:enforce (enforce-java-version) @ research-workbench ---
[INFO] Rule 0: org.apache.maven.enforcer.rules.version.RequireJavaVersion passed
[INFO] 
[INFO] --- maven-resources-plugin:3.3.1:resources (default-resources) @ research-workbench ---
[INFO] Copying 2 resources from src\main\resources to target\classes
[INFO] Copying 9 resources from src\main\resources to target\classes
[INFO] 
[INFO] --- maven-compiler-plugin:3.11.0:compile (default-compile) @ research-workbench ---
[INFO] Nothing to compile - all classes are up to date
[INFO] 
[INFO] --- maven-resources-plugin:3.3.1:testResources (default-testResources) @ research-workbench ---
[INFO] skip non existing resourceDirectory E:\AI\ŃĐľżÉü\src\test\resources
[INFO] 
[INFO] --- maven-compiler-plugin:3.11.0:testCompile (default-testCompile) @ research-workbench ---
[INFO] Nothing to compile - all classes are up to date
[INFO] 
[INFO] <<< spring-boot-maven-plugin:3.2.0:run (default-cli) < test-compile @ research-workbench <<<
[INFO] 
[INFO] 
[INFO] --- spring-boot-maven-plugin:3.2.0:run (default-cli) @ research-workbench ---
[INFO] Attaching agents: []
Standard Commons Logging discovery in action with spring-jcl: please remove commons-logging.jar from classpath in order to avoid potential conflicts

  .   ____          _            __ _ _
 /\\ / ___'_ __ _ _(_)_ __  __ _ \ \ \ \
( ( )\___ | '_ | '_| | '_ \/ _` | \ \ \ \
 \\/  ___)| |_)| | | | | || (_| |  ) ) ) )
  '  |____| .__|_| |_|_| |_\__, | / / / /
 =========|_|==============|___/=/_/_/_/
 :: Spring Boot ::                (v3.2.0)

2026-04-25T15:59:20.248+08:00  INFO 30136 --- [research-workbench] [           main] c.r.w.ResearchWorkbenchApplication       : Starting ResearchWorkbenchApplication using Java 17.0.16 with PID 30136 (E:\AI\ŃĐľżÉü\target\classes started by he in E:\AI\ŃĐľżÉü)
2026-04-25T15:59:20.251+08:00  INFO 30136 --- [research-workbench] [           main] c.r.w.ResearchWorkbenchApplication       : No active profile set, falling back to 1 default profile: "default"
2026-04-25T15:59:20.877+08:00  INFO 30136 --- [research-workbench] [           main] .s.d.r.c.RepositoryConfigurationDelegate : Multiple Spring Data modules found, entering strict repository configuration mode
2026-04-25T15:59:20.880+08:00  INFO 30136 --- [research-workbench] [           main] .s.d.r.c.RepositoryConfigurationDelegate : Bootstrapping Spring Data JPA repositories in DEFAULT mode.
2026-04-25T15:59:21.020+08:00  INFO 30136 --- [research-workbench] [           main] .s.d.r.c.RepositoryConfigurationDelegate : Finished Spring Data repository scanning in 133 ms. Found 24 JPA repository interfaces.
2026-04-25T15:59:21.477+08:00  INFO 30136 --- [research-workbench] [           main] o.s.b.w.embedded.tomcat.TomcatWebServer  : Tomcat initialized with port 5000 (http)
2026-04-25T15:59:21.488+08:00  INFO 30136 --- [research-workbench] [           main] o.apache.catalina.core.StandardService   : Starting service [Tomcat]
2026-04-25T15:59:21.489+08:00  INFO 30136 --- [research-workbench] [           main] o.apache.catalina.core.StandardEngine    : Starting Servlet engine: [Apache Tomcat/10.1.16]
2026-04-25T15:59:21.550+08:00  INFO 30136 --- [research-workbench] [           main] o.a.c.c.C.[Tomcat].[localhost].[/]       : Initializing Spring embedded WebApplicationContext
2026-04-25T15:59:21.553+08:00  INFO 30136 --- [research-workbench] [           main] w.s.c.ServletWebServerApplicationContext : Root WebApplicationContext: initialization completed in 1263 ms
Standard Commons Logging discovery in action with spring-jcl: please remove commons-logging.jar from classpath in order to avoid potential conflicts
2026-04-25T15:59:21.578+08:00  INFO 30136 --- [research-workbench] [           main] com.zaxxer.hikari.HikariDataSource       : HikariPool-1 - Starting...
2026-04-25T15:59:21.815+08:00  INFO 30136 --- [research-workbench] [           main] com.zaxxer.hikari.pool.HikariPool        : HikariPool-1 - Added connection com.mysql.cj.jdbc.ConnectionImpl@4df7d9ee
2026-04-25T15:59:21.818+08:00  INFO 30136 --- [research-workbench] [           main] com.zaxxer.hikari.HikariDataSource       : HikariPool-1 - Start completed.
2026-04-25T15:59:21.823+08:00  INFO 30136 --- [research-workbench] [           main] o.s.b.a.h2.H2ConsoleAutoConfiguration    : H2 console available at '/h2-console'. Database available at 'jdbc:mysql://localhost:3306/research_workbench'
2026-04-25T15:59:21.907+08:00  INFO 30136 --- [research-workbench] [           main] o.hibernate.jpa.internal.util.LogHelper  : HHH000204: Processing PersistenceUnitInfo [name: default]
2026-04-25T15:59:21.941+08:00  INFO 30136 --- [research-workbench] [           main] org.hibernate.Version                    : HHH000412: Hibernate ORM core version 6.3.1.Final
2026-04-25T15:59:21.965+08:00  INFO 30136 --- [research-workbench] [           main] o.h.c.internal.RegionFactoryInitiator    : HHH000026: Second-level cache disabled
2026-04-25T15:59:22.163+08:00  INFO 30136 --- [research-workbench] [           main] o.s.o.j.p.SpringPersistenceUnitInfo      : No LoadTimeWeaver setup: ignoring JPA class transformer
2026-04-25T15:59:22.231+08:00  WARN 30136 --- [research-workbench] [           main] org.hibernate.orm.deprecation            : HHH90000025: MySQLDialect does not need to be specified explicitly using 'hibernate.dialect' (remove the property setting and it will be selected by default)
2026-04-25T15:59:23.095+08:00  INFO 30136 --- [research-workbench] [           main] o.h.e.t.j.p.i.JtaPlatformInitiator       : HHH000489: No JTA platform available (set 'hibernate.transaction.jta.platform' to enable JTA platform integration)
2026-04-25T15:59:23.139+08:00  INFO 30136 --- [research-workbench] [           main] j.LocalContainerEntityManagerFactoryBean : Initialized JPA EntityManagerFactory for persistence unit 'default'
2026-04-25T15:59:24.110+08:00  INFO 30136 --- [research-workbench] [           main] o.s.b.a.w.s.WelcomePageHandlerMapping    : Adding welcome page: class path resource [static/index.html]
2026-04-25T15:59:24.196+08:00  INFO 30136 --- [research-workbench] [           main] o.s.s.web.DefaultSecurityFilterChain     : Will secure any request with [org.springframework.security.web.session.DisableEncodeUrlFilter@65f270e7, org.springframework.security.web.context.request.async.WebAsyncManagerIntegrationFilter@417f7d7f, org.springframework.security.web.context.SecurityContextHolderFilter@139a97e7, org.springframework.security.web.header.HeaderWriterFilter@41a940a9, org.springframework.web.filter.CorsFilter@da09b52, org.springframework.security.web.authentication.logout.LogoutFilter@2ca9e25a, org.springframework.security.web.savedrequest.RequestCacheAwareFilter@2b1f0667, org.springframework.security.web.servletapi.SecurityContextHolderAwareRequestFilter@6000ca67, org.springframework.security.web.authentication.AnonymousAuthenticationFilter@3652ce04, org.springframework.security.web.access.ExceptionTranslationFilter@1849d35a, org.springframework.security.web.access.intercept.AuthorizationFilter@4a6dd88e]
2026-04-25T15:59:24.502+08:00  INFO 30136 --- [research-workbench] [           main] o.s.b.w.embedded.tomcat.TomcatWebServer  : Tomcat started on port 5000 (http) with context path ''
2026-04-25T15:59:24.509+08:00  INFO 30136 --- [research-workbench] [           main] c.r.w.ResearchWorkbenchApplication       : Started ResearchWorkbenchApplication in 4.572 seconds (process running for 4.914)
