Standard Commons Logging discovery in action with spring-jcl: please remove commons-logging.jar from classpath in order to avoid potential conflicts

  .   ____          _            __ _ _
 /\\ / ___'_ __ _ _(_)_ __  __ _ \ \ \ \
( ( )\___ | '_ | '_| | '_ \/ _` | \ \ \ \
 \\/  ___)| |_)| | | | | || (_| |  ) ) ) )
  '  |____| .__|_| |_|_| |_\__, | / / / /
 =========|_|==============|___/=/_/_/_/
 :: Spring Boot ::                (v3.2.0)

2026-04-21T19:10:01.677+08:00  INFO 22072 --- [research-workbench] [           main] c.r.w.ResearchWorkbenchApplication       : Starting ResearchWorkbenchApplication v1.0.0 using Java 17.0.16 with PID 22072 (E:\AI\旃噶汊\target\research-workbench-1.0.0.jar started by he in E:\AI\旃噶汊)
2026-04-21T19:10:01.682+08:00  INFO 22072 --- [research-workbench] [           main] c.r.w.ResearchWorkbenchApplication       : No active profile set, falling back to 1 default profile: "default"
2026-04-21T19:10:02.799+08:00  INFO 22072 --- [research-workbench] [           main] .s.d.r.c.RepositoryConfigurationDelegate : Multiple Spring Data modules found, entering strict repository configuration mode
2026-04-21T19:10:02.803+08:00  INFO 22072 --- [research-workbench] [           main] .s.d.r.c.RepositoryConfigurationDelegate : Bootstrapping Spring Data JPA repositories in DEFAULT mode.
2026-04-21T19:10:02.965+08:00  INFO 22072 --- [research-workbench] [           main] .s.d.r.c.RepositoryConfigurationDelegate : Finished Spring Data repository scanning in 153 ms. Found 20 JPA repository interfaces.
2026-04-21T19:10:11.829+08:00  INFO 22072 --- [research-workbench] [           main] o.s.b.w.embedded.tomcat.TomcatWebServer  : Tomcat initialized with port 5000 (http)
2026-04-21T19:10:11.839+08:00  INFO 22072 --- [research-workbench] [           main] o.apache.catalina.core.StandardService   : Starting service [Tomcat]
2026-04-21T19:10:11.840+08:00  INFO 22072 --- [research-workbench] [           main] o.apache.catalina.core.StandardEngine    : Starting Servlet engine: [Apache Tomcat/10.1.16]
2026-04-21T19:10:11.884+08:00  INFO 22072 --- [research-workbench] [           main] o.a.c.c.C.[Tomcat].[localhost].[/]       : Initializing Spring embedded WebApplicationContext
2026-04-21T19:10:11.886+08:00  INFO 22072 --- [research-workbench] [           main] w.s.c.ServletWebServerApplicationContext : Root WebApplicationContext: initialization completed in 10102 ms
Standard Commons Logging discovery in action with spring-jcl: please remove commons-logging.jar from classpath in order to avoid potential conflicts
2026-04-21T19:10:11.915+08:00  INFO 22072 --- [research-workbench] [           main] com.zaxxer.hikari.HikariDataSource       : HikariPool-1 - Starting...
2026-04-21T19:10:12.484+08:00  INFO 22072 --- [research-workbench] [           main] com.zaxxer.hikari.pool.HikariPool        : HikariPool-1 - Added connection conn0: url=jdbc:h2:file:E:\AI\旃噶汊/data/research-workbench user=SA
2026-04-21T19:10:12.491+08:00  INFO 22072 --- [research-workbench] [           main] com.zaxxer.hikari.HikariDataSource       : HikariPool-1 - Start completed.
2026-04-21T19:10:12.517+08:00  INFO 22072 --- [research-workbench] [           main] o.s.b.a.h2.H2ConsoleAutoConfiguration    : H2 console available at '/h2-console'. Database available at 'jdbc:h2:file:E:\AI\旃噶汊/data/research-workbench'
2026-04-21T19:10:12.859+08:00  INFO 22072 --- [research-workbench] [           main] o.hibernate.jpa.internal.util.LogHelper  : HHH000204: Processing PersistenceUnitInfo [name: default]
2026-04-21T19:10:13.094+08:00  INFO 22072 --- [research-workbench] [           main] org.hibernate.Version                    : HHH000412: Hibernate ORM core version 6.3.1.Final
2026-04-21T19:10:13.180+08:00  INFO 22072 --- [research-workbench] [           main] o.h.c.internal.RegionFactoryInitiator    : HHH000026: Second-level cache disabled
2026-04-21T19:10:13.413+08:00  INFO 22072 --- [research-workbench] [           main] o.s.o.j.p.SpringPersistenceUnitInfo      : No LoadTimeWeaver setup: ignoring JPA class transformer
2026-04-21T19:10:13.454+08:00  WARN 22072 --- [research-workbench] [           main] org.hibernate.orm.deprecation            : HHH90000025: H2Dialect does not need to be specified explicitly using 'hibernate.dialect' (remove the property setting and it will be selected by default)
2026-04-21T19:10:14.362+08:00  INFO 22072 --- [research-workbench] [           main] o.h.e.t.j.p.i.JtaPlatformInitiator       : HHH000489: No JTA platform available (set 'hibernate.transaction.jta.platform' to enable JTA platform integration)
2026-04-21T19:10:14.405+08:00  INFO 22072 --- [research-workbench] [           main] j.LocalContainerEntityManagerFactoryBean : Initialized JPA EntityManagerFactory for persistence unit 'default'
2026-04-21T19:10:16.254+08:00  WARN 22072 --- [research-workbench] [           main] .s.s.UserDetailsServiceAutoConfiguration : 

Using generated security password: 54fe841d-e7bc-4839-95fc-1b024e05ebbe

This generated password is for development use only. Your security configuration must be updated before running your application in production.

2026-04-21T19:10:16.557+08:00  INFO 22072 --- [research-workbench] [           main] o.s.b.a.w.s.WelcomePageHandlerMapping    : Adding welcome page: class path resource [static/index.html]
2026-04-21T19:10:16.868+08:00  INFO 22072 --- [research-workbench] [           main] o.s.s.web.DefaultSecurityFilterChain     : Will secure any request with [org.springframework.security.web.session.DisableEncodeUrlFilter@6f54d397, org.springframework.security.web.context.request.async.WebAsyncManagerIntegrationFilter@1368e451, org.springframework.security.web.context.SecurityContextHolderFilter@582b6362, org.springframework.security.web.header.HeaderWriterFilter@363d3958, org.springframework.web.filter.CorsFilter@6ce365b7, org.springframework.security.web.authentication.logout.LogoutFilter@2cf29dce, org.springframework.security.web.savedrequest.RequestCacheAwareFilter@2e89310c, org.springframework.security.web.servletapi.SecurityContextHolderAwareRequestFilter@55c75b72, org.springframework.security.web.authentication.AnonymousAuthenticationFilter@2296ed0d, org.springframework.security.web.access.ExceptionTranslationFilter@14cf30b3, org.springframework.security.web.access.intercept.AuthorizationFilter@6e925a46]
2026-04-21T19:10:18.056+08:00  INFO 22072 --- [research-workbench] [           main] o.s.b.w.embedded.tomcat.TomcatWebServer  : Tomcat started on port 5000 (http) with context path ''
2026-04-21T19:10:18.083+08:00  INFO 22072 --- [research-workbench] [           main] c.r.w.ResearchWorkbenchApplication       : Started ResearchWorkbenchApplication in 17.033 seconds (process running for 17.964)
2026-04-21T19:10:22.159+08:00  INFO 22072 --- [research-workbench] [nio-5000-exec-1] o.a.c.c.C.[Tomcat].[localhost].[/]       : Initializing Spring DispatcherServlet 'dispatcherServlet'
2026-04-21T19:10:22.161+08:00  INFO 22072 --- [research-workbench] [nio-5000-exec-1] o.s.web.servlet.DispatcherServlet        : Initializing Servlet 'dispatcherServlet'
2026-04-21T19:10:22.163+08:00  INFO 22072 --- [research-workbench] [nio-5000-exec-1] o.s.web.servlet.DispatcherServlet        : Completed initialization in 1 ms
2026-04-21T19:10:22.179+08:00  WARN 22072 --- [research-workbench] [nio-5000-exec-1] o.s.w.s.h.HandlerMappingIntrospector     : Cache miss for REQUEST dispatch to '/' (previous null). Performing CorsConfiguration lookup. This is logged once only at WARN level, and every time at TRACE.
2026-04-21T19:10:22.186+08:00  WARN 22072 --- [research-workbench] [nio-5000-exec-1] o.s.w.s.h.HandlerMappingIntrospector     : Cache miss for REQUEST dispatch to '/' (previous null). Performing MatchableHandlerMapping lookup. This is logged once only at WARN level, and every time at TRACE.
